
Circuit 1 cell sky130_fd_pr__cap_mim_m3_2 and Circuit 2 cell sky130_fd_pr__cap_mim_m3_2 are black boxes.
Warning: Equate pins:  cell sky130_fd_pr__cap_mim_m3_2 is a placeholder, treated as a black box.
Warning: Equate pins:  cell sky130_fd_pr__cap_mim_m3_2 is a placeholder, treated as a black box.

Subcircuit pins:
Circuit 1: sky130_fd_pr__cap_mim_m3_2      |Circuit 2: sky130_fd_pr__cap_mim_m3_2      
-------------------------------------------|-------------------------------------------
1                                          |1                                          
2                                          |2                                          
---------------------------------------------------------------------------------------
Cell pin lists are equivalent.
Device classes sky130_fd_pr__cap_mim_m3_2 and sky130_fd_pr__cap_mim_m3_2 are equivalent.

Circuit 1 cell sky130_fd_pr__nfet_g5v0d10v5 and Circuit 2 cell sky130_fd_pr__nfet_g5v0d10v5 are black boxes.
Warning: Equate pins:  cell sky130_fd_pr__nfet_g5v0d10v5 is a placeholder, treated as a black box.
Warning: Equate pins:  cell sky130_fd_pr__nfet_g5v0d10v5 is a placeholder, treated as a black box.

Subcircuit pins:
Circuit 1: sky130_fd_pr__nfet_g5v0d10v5    |Circuit 2: sky130_fd_pr__nfet_g5v0d10v5    
-------------------------------------------|-------------------------------------------
1                                          |1                                          
2                                          |2                                          
3                                          |3                                          
4                                          |4                                          
---------------------------------------------------------------------------------------
Cell pin lists are equivalent.
Device classes sky130_fd_pr__nfet_g5v0d10v5 and sky130_fd_pr__nfet_g5v0d10v5 are equivalent.

Circuit 1 cell sky130_fd_pr__pfet_g5v0d10v5 and Circuit 2 cell sky130_fd_pr__pfet_g5v0d10v5 are black boxes.
Warning: Equate pins:  cell sky130_fd_pr__pfet_g5v0d10v5 is a placeholder, treated as a black box.
Warning: Equate pins:  cell sky130_fd_pr__pfet_g5v0d10v5 is a placeholder, treated as a black box.

Subcircuit pins:
Circuit 1: sky130_fd_pr__pfet_g5v0d10v5    |Circuit 2: sky130_fd_pr__pfet_g5v0d10v5    
-------------------------------------------|-------------------------------------------
1                                          |1                                          
2                                          |2                                          
3                                          |3                                          
4                                          |4                                          
---------------------------------------------------------------------------------------
Cell pin lists are equivalent.
Device classes sky130_fd_pr__pfet_g5v0d10v5 and sky130_fd_pr__pfet_g5v0d10v5 are equivalent.

Circuit 1 cell sky130_fd_pr__res_xhigh_po_0p69 and Circuit 2 cell sky130_fd_pr__res_xhigh_po_0p69 are black boxes.
Warning: Equate pins:  cell sky130_fd_pr__res_xhigh_po_0p69 is a placeholder, treated as a black box.
Warning: Equate pins:  cell sky130_fd_pr__res_xhigh_po_0p69 is a placeholder, treated as a black box.

Subcircuit pins:
Circuit 1: sky130_fd_pr__res_xhigh_po_0p69 |Circuit 2: sky130_fd_pr__res_xhigh_po_0p69 
-------------------------------------------|-------------------------------------------
1                                          |1                                          
2                                          |2                                          
3                                          |3                                          
---------------------------------------------------------------------------------------
Cell pin lists are equivalent.
Device classes sky130_fd_pr__res_xhigh_po_0p69 and sky130_fd_pr__res_xhigh_po_0p69 are equivalent.

Circuit 1 cell sky130_fd_pr__res_generic_nd__hv and Circuit 2 cell sky130_fd_pr__res_generic_nd__hv are black boxes.
Warning: Equate pins:  cell sky130_fd_pr__res_generic_nd__hv is a placeholder, treated as a black box.
Warning: Equate pins:  cell sky130_fd_pr__res_generic_nd__hv is a placeholder, treated as a black box.

Subcircuit pins:
Circuit 1: sky130_fd_pr__res_generic_nd__h |Circuit 2: sky130_fd_pr__res_generic_nd__h 
-------------------------------------------|-------------------------------------------
1                                          |1                                          
2                                          |2                                          
3                                          |3                                          
---------------------------------------------------------------------------------------
Cell pin lists are equivalent.
Device classes sky130_fd_pr__res_generic_nd__hv and sky130_fd_pr__res_generic_nd__hv are equivalent.

Circuit 1 cell sky130_fd_pr__res_generic_pd__hv and Circuit 2 cell sky130_fd_pr__res_generic_pd__hv are black boxes.
Warning: Equate pins:  cell sky130_fd_pr__res_generic_pd__hv is a placeholder, treated as a black box.
Warning: Equate pins:  cell sky130_fd_pr__res_generic_pd__hv is a placeholder, treated as a black box.

Subcircuit pins:
Circuit 1: sky130_fd_pr__res_generic_pd__h |Circuit 2: sky130_fd_pr__res_generic_pd__h 
-------------------------------------------|-------------------------------------------
1                                          |1                                          
2                                          |2                                          
3                                          |3                                          
---------------------------------------------------------------------------------------
Cell pin lists are equivalent.
Device classes sky130_fd_pr__res_generic_pd__hv and sky130_fd_pr__res_generic_pd__hv are equivalent.

Circuit 1 cell sky130_fd_pr__cap_mim_m3_1 and Circuit 2 cell sky130_fd_pr__cap_mim_m3_1 are black boxes.
Warning: Equate pins:  cell sky130_fd_pr__cap_mim_m3_1 is a placeholder, treated as a black box.
Warning: Equate pins:  cell sky130_fd_pr__cap_mim_m3_1 is a placeholder, treated as a black box.

Subcircuit pins:
Circuit 1: sky130_fd_pr__cap_mim_m3_1      |Circuit 2: sky130_fd_pr__cap_mim_m3_1      
-------------------------------------------|-------------------------------------------
1                                          |1                                          
2                                          |2                                          
---------------------------------------------------------------------------------------
Cell pin lists are equivalent.
Device classes sky130_fd_pr__cap_mim_m3_1 and sky130_fd_pr__cap_mim_m3_1 are equivalent.

Class sky130_fd_sc_hvl__buf_8 (0):  Merged 18 parallel devices.
Class sky130_fd_sc_hvl__buf_8 (1):  Merged 18 parallel devices.
Subcircuit summary:
Circuit 1: sky130_fd_sc_hvl__buf_8         |Circuit 2: sky130_fd_sc_hvl__buf_8         
-------------------------------------------|-------------------------------------------
sky130_fd_pr__nfet_g5v0d10v5 (11->2)       |sky130_fd_pr__nfet_g5v0d10v5 (11->2)       
sky130_fd_pr__pfet_g5v0d10v5 (11->2)       |sky130_fd_pr__pfet_g5v0d10v5 (11->2)       
Number of devices: 4                       |Number of devices: 4                       
Number of nets: 7                          |Number of nets: 7                          
---------------------------------------------------------------------------------------
Netlists match uniquely.

Subcircuit pins:
Circuit 1: sky130_fd_sc_hvl__buf_8         |Circuit 2: sky130_fd_sc_hvl__buf_8         
-------------------------------------------|-------------------------------------------
A                                          |A                                          
VPWR                                       |VPWR                                       
VPB                                        |VPB                                        
X                                          |X                                          
VGND                                       |VGND                                       
VNB                                        |VNB                                        
---------------------------------------------------------------------------------------
Cell pin lists are equivalent.
Device classes sky130_fd_sc_hvl__buf_8 and sky130_fd_sc_hvl__buf_8 are equivalent.

Subcircuit summary:
Circuit 1: sky130_fd_sc_hvl__schmittbuf_1  |Circuit 2: sky130_fd_sc_hvl__schmittbuf_1  
-------------------------------------------|-------------------------------------------
sky130_fd_pr__nfet_g5v0d10v5 (4)           |sky130_fd_pr__nfet_g5v0d10v5 (4)           
sky130_fd_pr__pfet_g5v0d10v5 (4)           |sky130_fd_pr__pfet_g5v0d10v5 (4)           
sky130_fd_pr__res_generic_nd__hv (1)       |sky130_fd_pr__res_generic_nd__hv (1)       
sky130_fd_pr__res_generic_pd__hv (1)       |sky130_fd_pr__res_generic_pd__hv (1)       
Number of devices: 10                      |Number of devices: 10                      
Number of nets: 11                         |Number of nets: 11                         
---------------------------------------------------------------------------------------
Netlists match uniquely.

Subcircuit pins:
Circuit 1: sky130_fd_sc_hvl__schmittbuf_1  |Circuit 2: sky130_fd_sc_hvl__schmittbuf_1  
-------------------------------------------|-------------------------------------------
A                                          |A                                          
VPB                                        |VPB                                        
VNB                                        |VNB                                        
VGND                                       |VGND                                       
VPWR                                       |VPWR                                       
X                                          |X                                          
---------------------------------------------------------------------------------------
Cell pin lists are equivalent.
Device classes sky130_fd_sc_hvl__schmittbuf_1 and sky130_fd_sc_hvl__schmittbuf_1 are equivalent.

Class sky130_fd_sc_hvl__buf_32 (0):  Merged 80 parallel devices.
Class sky130_fd_sc_hvl__buf_32 (1):  Merged 80 parallel devices.
Subcircuit summary:
Circuit 1: sky130_fd_sc_hvl__buf_32        |Circuit 2: sky130_fd_sc_hvl__buf_32        
-------------------------------------------|-------------------------------------------
sky130_fd_pr__pfet_g5v0d10v5 (42->2)       |sky130_fd_pr__pfet_g5v0d10v5 (42->2)       
sky130_fd_pr__nfet_g5v0d10v5 (42->2)       |sky130_fd_pr__nfet_g5v0d10v5 (42->2)       
Number of devices: 4                       |Number of devices: 4                       
Number of nets: 7                          |Number of nets: 7                          
---------------------------------------------------------------------------------------
Netlists match uniquely.

Subcircuit pins:
Circuit 1: sky130_fd_sc_hvl__buf_32        |Circuit 2: sky130_fd_sc_hvl__buf_32        
-------------------------------------------|-------------------------------------------
A                                          |A                                          
VPWR                                       |VPWR                                       
VPB                                        |VPB                                        
X                                          |X                                          
VGND                                       |VGND                                       
VNB                                        |VNB                                        
---------------------------------------------------------------------------------------
Cell pin lists are equivalent.
Device classes sky130_fd_sc_hvl__buf_32 and sky130_fd_sc_hvl__buf_32 are equivalent.

Subcircuit summary:
Circuit 1: sky130_fd_sc_hvl__decap_4       |Circuit 2: sky130_fd_sc_hvl__decap_4       
-------------------------------------------|-------------------------------------------
sky130_fd_pr__nfet_g5v0d10v5 (1)           |sky130_fd_pr__nfet_g5v0d10v5 (1)           
sky130_fd_pr__pfet_g5v0d10v5 (1)           |sky130_fd_pr__pfet_g5v0d10v5 (1)           
Number of devices: 2                       |Number of devices: 2                       
Number of nets: 4                          |Number of nets: 4                          
---------------------------------------------------------------------------------------
Netlists match uniquely.

Subcircuit pins:
Circuit 1: sky130_fd_sc_hvl__decap_4       |Circuit 2: sky130_fd_sc_hvl__decap_4       
-------------------------------------------|-------------------------------------------
VNB                                        |VNB                                        
VPB                                        |VPB                                        
VGND                                       |VGND                                       
VPWR                                       |VPWR                                       
---------------------------------------------------------------------------------------
Cell pin lists are equivalent.
Device classes sky130_fd_sc_hvl__decap_4 and sky130_fd_sc_hvl__decap_4 are equivalent.

Class sky130_fd_sc_hvl__inv_8 (0):  Merged 14 parallel devices.
Class sky130_fd_sc_hvl__inv_8 (1):  Merged 14 parallel devices.
Subcircuit summary:
Circuit 1: sky130_fd_sc_hvl__inv_8         |Circuit 2: sky130_fd_sc_hvl__inv_8         
-------------------------------------------|-------------------------------------------
sky130_fd_pr__nfet_g5v0d10v5 (8->1)        |sky130_fd_pr__nfet_g5v0d10v5 (8->1)        
sky130_fd_pr__pfet_g5v0d10v5 (8->1)        |sky130_fd_pr__pfet_g5v0d10v5 (8->1)        
Number of devices: 2                       |Number of devices: 2                       
Number of nets: 6                          |Number of nets: 6                          
---------------------------------------------------------------------------------------
Netlists match uniquely.

Subcircuit pins:
Circuit 1: sky130_fd_sc_hvl__inv_8         |Circuit 2: sky130_fd_sc_hvl__inv_8         
-------------------------------------------|-------------------------------------------
A                                          |A                                          
Y                                          |Y                                          
VPWR                                       |VPWR                                       
VPB                                        |VPB                                        
VGND                                       |VGND                                       
VNB                                        |VNB                                        
---------------------------------------------------------------------------------------
Cell pin lists are equivalent.
Device classes sky130_fd_sc_hvl__inv_8 and sky130_fd_sc_hvl__inv_8 are equivalent.
Flattening unmatched subcell sky130_fd_pr__cap_mim_m3_2_W5U4AW in circuit sky130_ef_ip__simple_por4x (0)(1 instance)
Flattening unmatched subcell sky130_fd_pr__pfet_g5v0d10v5_ZEUEFZ in circuit sky130_ef_ip__simple_por4x (0)(1 instance)
Flattening unmatched subcell sky130_fd_pr__nfet_g5v0d10v5_TGFUGS in circuit sky130_ef_ip__simple_por4x (0)(1 instance)
Flattening unmatched subcell sky130_fd_pr__res_xhigh_po_0p69_S5N9F3 in circuit sky130_ef_ip__simple_por4x (0)(1 instance)
Flattening unmatched subcell sky130_fd_pr__pfet_g5v0d10v5_3YBPVB in circuit sky130_ef_ip__simple_por4x (0)(4 instances)
Flattening unmatched subcell sky130_fd_pr__pfet_g5v0d10v5_YUHPXE in circuit sky130_ef_ip__simple_por4x (0)(1 instance)
Flattening unmatched subcell sky130_fd_pr__nfet_g5v0d10v5_PKVMTM in circuit sky130_ef_ip__simple_por4x (0)(1 instance)
Flattening unmatched subcell sky130_fd_pr__nfet_g5v0d10v5_ZK8HQC in circuit sky130_ef_ip__simple_por4x (0)(1 instance)
Flattening unmatched subcell sky130_fd_pr__cap_mim_m3_1_WRT4AW in circuit sky130_ef_ip__simple_por4x (0)(1 instance)
Flattening unmatched subcell sky130_fd_pr__pfet_g5v0d10v5_YEUEBV in circuit sky130_ef_ip__simple_por4x (0)(1 instance)
Flattening unmatched subcell sky130_fd_pr__pfet_g5v0d10v5_YUHPBG in circuit sky130_ef_ip__simple_por4x (0)(1 instance)

Class sky130_ef_ip__simple_por4x (0):  Merged 22 parallel devices.
Class sky130_ef_ip__simple_por4x (0):  Merged 24 series devices.
Class sky130_ef_ip__simple_por4x (1):  Merged 1 parallel devices.
Subcircuit summary:
Circuit 1: sky130_ef_ip__simple_por4x      |Circuit 2: sky130_ef_ip__simple_por4x      
-------------------------------------------|-------------------------------------------
sky130_fd_pr__cap_mim_m3_2 (1)             |sky130_fd_pr__cap_mim_m3_2 (1)             
sky130_fd_sc_hvl__buf_8 (2)                |sky130_fd_sc_hvl__buf_8 (2)                
sky130_fd_pr__pfet_g5v0d10v5 (21->8)       |sky130_fd_pr__pfet_g5v0d10v5 (8)           
sky130_fd_pr__nfet_g5v0d10v5 (9->3)        |sky130_fd_pr__nfet_g5v0d10v5 (3)           
sky130_fd_pr__res_xhigh_po_0p69 (28->3)    |sky130_fd_pr__res_xhigh_po_0p69 (4->3)     
sky130_fd_sc_hvl__schmittbuf_1 (1)         |sky130_fd_sc_hvl__schmittbuf_1 (1)         
sky130_fd_pr__cap_mim_m3_1 (1)             |sky130_fd_pr__cap_mim_m3_1 (1)             
sky130_fd_sc_hvl__buf_32 (1)               |sky130_fd_sc_hvl__buf_32 (1)               
sky130_fd_sc_hvl__decap_4 (4->2)           |sky130_fd_sc_hvl__decap_4 (3->2)           
sky130_fd_sc_hvl__inv_8 (1)                |sky130_fd_sc_hvl__inv_8 (1)                
Number of devices: 23                      |Number of devices: 23                      
Number of nets: 18                         |Number of nets: 18                         
---------------------------------------------------------------------------------------
Netlists match uniquely with property errors.
Circuit 2 parallel/series network does not match Circuit 1
Circuit 1 instance /sky130_fd_sc_hvl__decap_4_0 network:
  M = 1
  M = 1

Subcircuit pins:
Circuit 1: sky130_ef_ip__simple_por4x      |Circuit 2: sky130_ef_ip__simple_por4x      
-------------------------------------------|-------------------------------------------
vdd3v3                                     |vdd3v3                                     
porb_l                                     |porb_l                                     
por_l                                      |por_l                                      
porb_h                                     |porb_h                                     
vss1v8                                     |vss1v8                                     
vdd1v8                                     |vdd1v8                                     
vss3v3                                     |vss3v3                                     
---------------------------------------------------------------------------------------
Cell pin lists are equivalent.
Device classes sky130_ef_ip__simple_por4x and sky130_ef_ip__simple_por4x are equivalent.

Final result: Circuits match uniquely.
Property errors were found.

The following cells had property errors:
 sky130_ef_ip__simple_por4x
